     1 00000000                                 [FORMAT "WCOFF"]
     2 00000000                                 [INSTRSET "i486p"]
     3 00000000                                 [OPTIMIZE 1]
     4 00000000                                 [OPTION 1]
     5 00000000                                 [BITS 32]
     6 00000000                                 	EXTERN	_hankaku
     7 00000000                                 	EXTERN	_io_hlt
     8 00000000                                 	EXTERN	_io_load_eflags
     9 00000000                                 	EXTERN	_io_cli
    10 00000000                                 	EXTERN	_io_out8
    11 00000000                                 	EXTERN	_io_store_eflags
    12 00000000                                 [FILE "bootpack.c"]
    13                                          [SECTION .text]
    14 00000000                                 	GLOBAL	_HariMain
    15 00000000                                 _HariMain:
    16 00000000 55                              	PUSH	EBP
    17 00000001 89 E5                           	MOV	EBP,ESP
    18 00000003 E8 000000C1                     	CALL	_init_palette
    19 00000008 0F BF 05 00000FF6               	MOVSX	EAX,WORD [4086]
    20 0000000F 50                              	PUSH	EAX
    21 00000010 0F BF 05 00000FF4               	MOVSX	EAX,WORD [4084]
    22 00000017 50                              	PUSH	EAX
    23 00000018 FF 35 00000FF8                  	PUSH	DWORD [4088]
    24 0000001E E8 00000192                     	CALL	_init_screen
    25 00000023 68 [00000440]                   	PUSH	_hankaku+1088
    26 00000028 6A 07                           	PUSH	7
    27 0000002A 6A 08                           	PUSH	8
    28 0000002C 6A 08                           	PUSH	8
    29 0000002E 0F BF 05 00000FF4               	MOVSX	EAX,WORD [4084]
    30 00000035 50                              	PUSH	EAX
    31 00000036 FF 35 00000FF8                  	PUSH	DWORD [4088]
    32 0000003C E8 000002FF                     	CALL	_putfont8
    33 00000041 83 C4 24                        	ADD	ESP,36
    34 00000044 68 [00000410]                   	PUSH	_hankaku+1040
    35 00000049 6A 07                           	PUSH	7
    36 0000004B 6A 08                           	PUSH	8
    37 0000004D 6A 10                           	PUSH	16
    38 0000004F 0F BF 05 00000FF4               	MOVSX	EAX,WORD [4084]
    39 00000056 50                              	PUSH	EAX
    40 00000057 FF 35 00000FF8                  	PUSH	DWORD [4088]
    41 0000005D E8 000002DE                     	CALL	_putfont8
    42 00000062 68 [00000490]                   	PUSH	_hankaku+1168
    43 00000067 6A 07                           	PUSH	7
    44 00000069 6A 08                           	PUSH	8
    45 0000006B 6A 18                           	PUSH	24
    46 0000006D 0F BF 05 00000FF4               	MOVSX	EAX,WORD [4084]
    47 00000074 50                              	PUSH	EAX
    48 00000075 FF 35 00000FF8                  	PUSH	DWORD [4088]
    49 0000007B E8 000002C0                     	CALL	_putfont8
    50 00000080 83 C4 30                        	ADD	ESP,48
    51 00000083 68 [000004B0]                   	PUSH	_hankaku+1200
    52 00000088 6A 07                           	PUSH	7
    53 0000008A 6A 08                           	PUSH	8
    54 0000008C 6A 20                           	PUSH	32
    55 0000008E 0F BF 05 00000FF4               	MOVSX	EAX,WORD [4084]
    56 00000095 50                              	PUSH	EAX
    57 00000096 FF 35 00000FF8                  	PUSH	DWORD [4088]
    58 0000009C E8 0000029F                     	CALL	_putfont8
    59 000000A1 68 [00000490]                   	PUSH	_hankaku+1168
    60 000000A6 6A 07                           	PUSH	7
    61 000000A8 6A 08                           	PUSH	8
    62 000000AA 6A 28                           	PUSH	40
    63 000000AC 0F BF 05 00000FF4               	MOVSX	EAX,WORD [4084]
    64 000000B3 50                              	PUSH	EAX
    65 000000B4 FF 35 00000FF8                  	PUSH	DWORD [4088]
    66 000000BA E8 00000281                     	CALL	_putfont8
    67 000000BF 83 C4 30                        	ADD	ESP,48
    68 000000C2                                 L2:
    69 000000C2 E8 [00000000]                   	CALL	_io_hlt
    70 000000C7 EB F9                           	JMP	L2
    71                                          [SECTION .data]
    72 00000000                                 _table_rgb.0:
    73 00000000 00                              	DB	0
    74 00000001 00                              	DB	0
    75 00000002 00                              	DB	0
    76 00000003 FF                              	DB	-1
    77 00000004 00                              	DB	0
    78 00000005 00                              	DB	0
    79 00000006 00                              	DB	0
    80 00000007 FF                              	DB	-1
    81 00000008 00                              	DB	0
    82 00000009 FF                              	DB	-1
    83 0000000A FF                              	DB	-1
    84 0000000B 00                              	DB	0
    85 0000000C 00                              	DB	0
    86 0000000D 00                              	DB	0
    87 0000000E FF                              	DB	-1
    88 0000000F FF                              	DB	-1
    89 00000010 00                              	DB	0
    90 00000011 FF                              	DB	-1
    91 00000012 00                              	DB	0
    92 00000013 FF                              	DB	-1
    93 00000014 FF                              	DB	-1
    94 00000015 FF                              	DB	-1
    95 00000016 FF                              	DB	-1
    96 00000017 FF                              	DB	-1
    97 00000018 C6                              	DB	-58
    98 00000019 C6                              	DB	-58
    99 0000001A C6                              	DB	-58
   100 0000001B 84                              	DB	-124
   101 0000001C 00                              	DB	0
   102 0000001D 00                              	DB	0
   103 0000001E 00                              	DB	0
   104 0000001F 84                              	DB	-124
   105 00000020 00                              	DB	0
   106 00000021 84                              	DB	-124
   107 00000022 84                              	DB	-124
   108 00000023 00                              	DB	0
   109 00000024 00                              	DB	0
   110 00000025 00                              	DB	0
   111 00000026 84                              	DB	-124
   112 00000027 84                              	DB	-124
   113 00000028 00                              	DB	0
   114 00000029 84                              	DB	-124
   115 0000002A 00                              	DB	0
   116 0000002B 84                              	DB	-124
   117 0000002C 84                              	DB	-124
   118 0000002D 84                              	DB	-124
   119 0000002E 84                              	DB	-124
   120 0000002F 84                              	DB	-124
   121                                          [SECTION .text]
   122 000000C9                                 	GLOBAL	_init_palette
   123 000000C9                                 _init_palette:
   124 000000C9 55                              	PUSH	EBP
   125 000000CA 89 E5                           	MOV	EBP,ESP
   126 000000CC 68 [00000000]                   	PUSH	_table_rgb.0
   127 000000D1 6A 0F                           	PUSH	15
   128 000000D3 6A 00                           	PUSH	0
   129 000000D5 E8 00000002                     	CALL	_set_palette
   130 000000DA C9                              	LEAVE
   131 000000DB C3                              	RET
   132 000000DC                                 	GLOBAL	_set_palette
   133 000000DC                                 _set_palette:
   134 000000DC 55                              	PUSH	EBP
   135 000000DD 89 E5                           	MOV	EBP,ESP
   136 000000DF 57                              	PUSH	EDI
   137 000000E0 56                              	PUSH	ESI
   138 000000E1 53                              	PUSH	EBX
   139 000000E2 51                              	PUSH	ECX
   140 000000E3 8B 5D 08                        	MOV	EBX,DWORD [8+EBP]
   141 000000E6 8B 7D 0C                        	MOV	EDI,DWORD [12+EBP]
   142 000000E9 8B 75 10                        	MOV	ESI,DWORD [16+EBP]
   143 000000EC E8 [00000000]                   	CALL	_io_load_eflags
   144 000000F1 89 45 F0                        	MOV	DWORD [-16+EBP],EAX
   145 000000F4 E8 [00000000]                   	CALL	_io_cli
   146 000000F9 53                              	PUSH	EBX
   147 000000FA 68 000003C8                     	PUSH	968
   148 000000FF E8 [00000000]                   	CALL	_io_out8
   149 00000104 39 FB                           	CMP	EBX,EDI
   150 00000106 58                              	POP	EAX
   151 00000107 5A                              	POP	EDX
   152 00000108 7E 12                           	JLE	L11
   153 0000010A                                 L13:
   154 0000010A 8B 45 F0                        	MOV	EAX,DWORD [-16+EBP]
   155 0000010D 89 45 08                        	MOV	DWORD [8+EBP],EAX
   156 00000110 8D 65 F4                        	LEA	ESP,DWORD [-12+EBP]
   157 00000113 5B                              	POP	EBX
   158 00000114 5E                              	POP	ESI
   159 00000115 5F                              	POP	EDI
   160 00000116 5D                              	POP	EBP
   161 00000117 E9 [00000000]                   	JMP	_io_store_eflags
   162 0000011C                                 L11:
   163 0000011C 8A 06                           	MOV	AL,BYTE [ESI]
   164 0000011E 43                              	INC	EBX
   165 0000011F C0 E8 02                        	SHR	AL,2
   166 00000122 0F B6 C0                        	MOVZX	EAX,AL
   167 00000125 50                              	PUSH	EAX
   168 00000126 68 000003C9                     	PUSH	969
   169 0000012B E8 [00000000]                   	CALL	_io_out8
   170 00000130 8A 46 01                        	MOV	AL,BYTE [1+ESI]
   171 00000133 C0 E8 02                        	SHR	AL,2
   172 00000136 0F B6 C0                        	MOVZX	EAX,AL
   173 00000139 50                              	PUSH	EAX
   174 0000013A 68 000003C9                     	PUSH	969
   175 0000013F E8 [00000000]                   	CALL	_io_out8
   176 00000144 8A 46 02                        	MOV	AL,BYTE [2+ESI]
   177 00000147 C0 E8 02                        	SHR	AL,2
   178 0000014A 83 C6 03                        	ADD	ESI,3
   179 0000014D 0F B6 C0                        	MOVZX	EAX,AL
   180 00000150 50                              	PUSH	EAX
   181 00000151 68 000003C9                     	PUSH	969
   182 00000156 E8 [00000000]                   	CALL	_io_out8
   183 0000015B 83 C4 18                        	ADD	ESP,24
   184 0000015E 39 FB                           	CMP	EBX,EDI
   185 00000160 7E BA                           	JLE	L11
   186 00000162 EB A6                           	JMP	L13
   187 00000164                                 	GLOBAL	_boxfill8
   188 00000164                                 _boxfill8:
   189 00000164 55                              	PUSH	EBP
   190 00000165 89 E5                           	MOV	EBP,ESP
   191 00000167 57                              	PUSH	EDI
   192 00000168 56                              	PUSH	ESI
   193 00000169 53                              	PUSH	EBX
   194 0000016A 57                              	PUSH	EDI
   195 0000016B 57                              	PUSH	EDI
   196 0000016C 8A 45 10                        	MOV	AL,BYTE [16+EBP]
   197 0000016F 8B 4D 18                        	MOV	ECX,DWORD [24+EBP]
   198 00000172 8B 7D 1C                        	MOV	EDI,DWORD [28+EBP]
   199 00000175 88 45 F3                        	MOV	BYTE [-13+EBP],AL
   200 00000178 3B 4D 20                        	CMP	ECX,DWORD [32+EBP]
   201 0000017B 7F 31                           	JG	L26
   202 0000017D 8B 5D 0C                        	MOV	EBX,DWORD [12+EBP]
   203 00000180 0F AF D9                        	IMUL	EBX,ECX
   204 00000183                                 L24:
   205 00000183 8B 55 14                        	MOV	EDX,DWORD [20+EBP]
   206 00000186 39 FA                           	CMP	EDX,EDI
   207 00000188 7F 1B                           	JG	L28
   208 0000018A 8B 75 08                        	MOV	ESI,DWORD [8+EBP]
   209 0000018D 01 DE                           	ADD	ESI,EBX
   210 0000018F 01 D6                           	ADD	ESI,EDX
   211 00000191 89 75 EC                        	MOV	DWORD [-20+EBP],ESI
   212 00000194                                 L23:
   213 00000194 8B 75 EC                        	MOV	ESI,DWORD [-20+EBP]
   214 00000197 8A 45 F3                        	MOV	AL,BYTE [-13+EBP]
   215 0000019A 42                              	INC	EDX
   216 0000019B 88 06                           	MOV	BYTE [ESI],AL
   217 0000019D 46                              	INC	ESI
   218 0000019E 89 75 EC                        	MOV	DWORD [-20+EBP],ESI
   219 000001A1 39 FA                           	CMP	EDX,EDI
   220 000001A3 7E EF                           	JLE	L23
   221 000001A5                                 L28:
   222 000001A5 41                              	INC	ECX
   223 000001A6 03 5D 0C                        	ADD	EBX,DWORD [12+EBP]
   224 000001A9 3B 4D 20                        	CMP	ECX,DWORD [32+EBP]
   225 000001AC 7E D5                           	JLE	L24
   226 000001AE                                 L26:
   227 000001AE 5B                              	POP	EBX
   228 000001AF 5E                              	POP	ESI
   229 000001B0 5B                              	POP	EBX
   230 000001B1 5E                              	POP	ESI
   231 000001B2 5F                              	POP	EDI
   232 000001B3 5D                              	POP	EBP
   233 000001B4 C3                              	RET
   234 000001B5                                 	GLOBAL	_init_screen
   235 000001B5                                 _init_screen:
   236 000001B5 55                              	PUSH	EBP
   237 000001B6 89 E5                           	MOV	EBP,ESP
   238 000001B8 57                              	PUSH	EDI
   239 000001B9 56                              	PUSH	ESI
   240 000001BA 53                              	PUSH	EBX
   241 000001BB 83 EC 0C                        	SUB	ESP,12
   242 000001BE 8B 45 10                        	MOV	EAX,DWORD [16+EBP]
   243 000001C1 8B 7D 0C                        	MOV	EDI,DWORD [12+EBP]
   244 000001C4 83 E8 1D                        	SUB	EAX,29
   245 000001C7 4F                              	DEC	EDI
   246 000001C8 50                              	PUSH	EAX
   247 000001C9 57                              	PUSH	EDI
   248 000001CA 6A 00                           	PUSH	0
   249 000001CC 6A 00                           	PUSH	0
   250 000001CE 6A 0E                           	PUSH	14
   251 000001D0 FF 75 0C                        	PUSH	DWORD [12+EBP]
   252 000001D3 FF 75 08                        	PUSH	DWORD [8+EBP]
   253 000001D6 E8 FFFFFF89                     	CALL	_boxfill8
   254 000001DB 8B 45 10                        	MOV	EAX,DWORD [16+EBP]
   255 000001DE 83 E8 1C                        	SUB	EAX,28
   256 000001E1 50                              	PUSH	EAX
   257 000001E2 57                              	PUSH	EDI
   258 000001E3 50                              	PUSH	EAX
   259 000001E4 6A 00                           	PUSH	0
   260 000001E6 6A 08                           	PUSH	8
   261 000001E8 FF 75 0C                        	PUSH	DWORD [12+EBP]
   262 000001EB FF 75 08                        	PUSH	DWORD [8+EBP]
   263 000001EE E8 FFFFFF71                     	CALL	_boxfill8
   264 000001F3 8B 45 10                        	MOV	EAX,DWORD [16+EBP]
   265 000001F6 83 C4 38                        	ADD	ESP,56
   266 000001F9 83 E8 1B                        	SUB	EAX,27
   267 000001FC 50                              	PUSH	EAX
   268 000001FD 57                              	PUSH	EDI
   269 000001FE 50                              	PUSH	EAX
   270 000001FF 6A 00                           	PUSH	0
   271 00000201 6A 07                           	PUSH	7
   272 00000203 FF 75 0C                        	PUSH	DWORD [12+EBP]
   273 00000206 FF 75 08                        	PUSH	DWORD [8+EBP]
   274 00000209 E8 FFFFFF56                     	CALL	_boxfill8
   275 0000020E 8B 45 10                        	MOV	EAX,DWORD [16+EBP]
   276 00000211 48                              	DEC	EAX
   277 00000212 50                              	PUSH	EAX
   278 00000213 8B 45 10                        	MOV	EAX,DWORD [16+EBP]
   279 00000216 57                              	PUSH	EDI
   280 00000217 83 E8 1A                        	SUB	EAX,26
   281 0000021A 50                              	PUSH	EAX
   282 0000021B 6A 00                           	PUSH	0
   283 0000021D 6A 08                           	PUSH	8
   284 0000021F FF 75 0C                        	PUSH	DWORD [12+EBP]
   285 00000222 FF 75 08                        	PUSH	DWORD [8+EBP]
   286 00000225 E8 FFFFFF3A                     	CALL	_boxfill8
   287 0000022A 8B 75 10                        	MOV	ESI,DWORD [16+EBP]
   288 0000022D 83 C4 38                        	ADD	ESP,56
   289 00000230 83 EE 18                        	SUB	ESI,24
   290 00000233 56                              	PUSH	ESI
   291 00000234 6A 3B                           	PUSH	59
   292 00000236 56                              	PUSH	ESI
   293 00000237 6A 03                           	PUSH	3
   294 00000239 6A 07                           	PUSH	7
   295 0000023B FF 75 0C                        	PUSH	DWORD [12+EBP]
   296 0000023E FF 75 08                        	PUSH	DWORD [8+EBP]
   297 00000241 E8 FFFFFF1E                     	CALL	_boxfill8
   298 00000246 8B 45 10                        	MOV	EAX,DWORD [16+EBP]
   299 00000249 83 E8 04                        	SUB	EAX,4
   300 0000024C 50                              	PUSH	EAX
   301 0000024D 89 45 F0                        	MOV	DWORD [-16+EBP],EAX
   302 00000250 6A 02                           	PUSH	2
   303 00000252 56                              	PUSH	ESI
   304 00000253 6A 02                           	PUSH	2
   305 00000255 6A 07                           	PUSH	7
   306 00000257 FF 75 0C                        	PUSH	DWORD [12+EBP]
   307 0000025A FF 75 08                        	PUSH	DWORD [8+EBP]
   308 0000025D E8 FFFFFF02                     	CALL	_boxfill8
   309 00000262 83 C4 38                        	ADD	ESP,56
   310 00000265 FF 75 F0                        	PUSH	DWORD [-16+EBP]
   311 00000268 6A 3B                           	PUSH	59
   312 0000026A FF 75 F0                        	PUSH	DWORD [-16+EBP]
   313 0000026D 6A 03                           	PUSH	3
   314 0000026F 6A 0F                           	PUSH	15
   315 00000271 FF 75 0C                        	PUSH	DWORD [12+EBP]
   316 00000274 FF 75 08                        	PUSH	DWORD [8+EBP]
   317 00000277 E8 FFFFFEE8                     	CALL	_boxfill8
   318 0000027C 8B 45 10                        	MOV	EAX,DWORD [16+EBP]
   319 0000027F 83 E8 05                        	SUB	EAX,5
   320 00000282 50                              	PUSH	EAX
   321 00000283 8B 45 10                        	MOV	EAX,DWORD [16+EBP]
   322 00000286 6A 3B                           	PUSH	59
   323 00000288 83 E8 17                        	SUB	EAX,23
   324 0000028B 50                              	PUSH	EAX
   325 0000028C 89 45 EC                        	MOV	DWORD [-20+EBP],EAX
   326 0000028F 6A 3B                           	PUSH	59
   327 00000291 6A 0F                           	PUSH	15
   328 00000293 FF 75 0C                        	PUSH	DWORD [12+EBP]
   329 00000296 FF 75 08                        	PUSH	DWORD [8+EBP]
   330 00000299 E8 FFFFFEC6                     	CALL	_boxfill8
   331 0000029E 8B 45 10                        	MOV	EAX,DWORD [16+EBP]
   332 000002A1 83 C4 38                        	ADD	ESP,56
   333 000002A4 83 E8 03                        	SUB	EAX,3
   334 000002A7 89 45 E8                        	MOV	DWORD [-24+EBP],EAX
   335 000002AA 50                              	PUSH	EAX
   336 000002AB 6A 3B                           	PUSH	59
   337 000002AD 50                              	PUSH	EAX
   338 000002AE 6A 02                           	PUSH	2
   339 000002B0 6A 00                           	PUSH	0
   340 000002B2 FF 75 0C                        	PUSH	DWORD [12+EBP]
   341 000002B5 FF 75 08                        	PUSH	DWORD [8+EBP]
   342 000002B8 E8 FFFFFEA7                     	CALL	_boxfill8
   343 000002BD FF 75 E8                        	PUSH	DWORD [-24+EBP]
   344 000002C0 6A 3C                           	PUSH	60
   345 000002C2 56                              	PUSH	ESI
   346 000002C3 6A 3C                           	PUSH	60
   347 000002C5 6A 00                           	PUSH	0
   348 000002C7 FF 75 0C                        	PUSH	DWORD [12+EBP]
   349 000002CA FF 75 08                        	PUSH	DWORD [8+EBP]
   350 000002CD E8 FFFFFE92                     	CALL	_boxfill8
   351 000002D2 8B 7D 0C                        	MOV	EDI,DWORD [12+EBP]
   352 000002D5 83 C4 38                        	ADD	ESP,56
   353 000002D8 8B 5D 0C                        	MOV	EBX,DWORD [12+EBP]
   354 000002DB 83 EB 04                        	SUB	EBX,4
   355 000002DE 83 EF 2F                        	SUB	EDI,47
   356 000002E1 56                              	PUSH	ESI
   357 000002E2 53                              	PUSH	EBX
   358 000002E3 56                              	PUSH	ESI
   359 000002E4 57                              	PUSH	EDI
   360 000002E5 6A 0F                           	PUSH	15
   361 000002E7 FF 75 0C                        	PUSH	DWORD [12+EBP]
   362 000002EA FF 75 08                        	PUSH	DWORD [8+EBP]
   363 000002ED E8 FFFFFE72                     	CALL	_boxfill8
   364 000002F2 FF 75 F0                        	PUSH	DWORD [-16+EBP]
   365 000002F5 57                              	PUSH	EDI
   366 000002F6 FF 75 EC                        	PUSH	DWORD [-20+EBP]
   367 000002F9 57                              	PUSH	EDI
   368 000002FA 6A 0F                           	PUSH	15
   369 000002FC FF 75 0C                        	PUSH	DWORD [12+EBP]
   370 000002FF FF 75 08                        	PUSH	DWORD [8+EBP]
   371 00000302 E8 FFFFFE5D                     	CALL	_boxfill8
   372 00000307 83 C4 38                        	ADD	ESP,56
   373 0000030A FF 75 E8                        	PUSH	DWORD [-24+EBP]
   374 0000030D 53                              	PUSH	EBX
   375 0000030E FF 75 E8                        	PUSH	DWORD [-24+EBP]
   376 00000311 57                              	PUSH	EDI
   377 00000312 6A 07                           	PUSH	7
   378 00000314 FF 75 0C                        	PUSH	DWORD [12+EBP]
   379 00000317 FF 75 08                        	PUSH	DWORD [8+EBP]
   380 0000031A E8 FFFFFE45                     	CALL	_boxfill8
   381 0000031F 8B 45 0C                        	MOV	EAX,DWORD [12+EBP]
   382 00000322 FF 75 E8                        	PUSH	DWORD [-24+EBP]
   383 00000325 83 E8 03                        	SUB	EAX,3
   384 00000328 50                              	PUSH	EAX
   385 00000329 56                              	PUSH	ESI
   386 0000032A 50                              	PUSH	EAX
   387 0000032B 6A 07                           	PUSH	7
   388 0000032D FF 75 0C                        	PUSH	DWORD [12+EBP]
   389 00000330 FF 75 08                        	PUSH	DWORD [8+EBP]
   390 00000333 E8 FFFFFE2C                     	CALL	_boxfill8
   391 00000338 8D 65 F4                        	LEA	ESP,DWORD [-12+EBP]
   392 0000033B 5B                              	POP	EBX
   393 0000033C 5E                              	POP	ESI
   394 0000033D 5F                              	POP	EDI
   395 0000033E 5D                              	POP	EBP
   396 0000033F C3                              	RET
   397 00000340                                 	GLOBAL	_putfont8
   398 00000340                                 _putfont8:
   399 00000340 55                              	PUSH	EBP
   400 00000341 89 E5                           	MOV	EBP,ESP
   401 00000343 57                              	PUSH	EDI
   402 00000344 56                              	PUSH	ESI
   403 00000345 31 F6                           	XOR	ESI,ESI
   404 00000347 53                              	PUSH	EBX
   405 00000348 8B 7D 1C                        	MOV	EDI,DWORD [28+EBP]
   406 0000034B 8A 5D 18                        	MOV	BL,BYTE [24+EBP]
   407 0000034E                                 L43:
   408 0000034E 8B 45 14                        	MOV	EAX,DWORD [20+EBP]
   409 00000351 8B 55 10                        	MOV	EDX,DWORD [16+EBP]
   410 00000354 01 F0                           	ADD	EAX,ESI
   411 00000356 0F AF 45 0C                     	IMUL	EAX,DWORD [12+EBP]
   412 0000035A 03 45 08                        	ADD	EAX,DWORD [8+EBP]
   413 0000035D 8D 0C 02                        	LEA	ECX,DWORD [EDX+EAX*1]
   414 00000360 8A 14 3E                        	MOV	DL,BYTE [ESI+EDI*1]
   415 00000363 84 D2                           	TEST	DL,DL
   416 00000365 79 02                           	JNS	L35
   417 00000367 88 19                           	MOV	BYTE [ECX],BL
   418 00000369                                 L35:
   419 00000369 88 D0                           	MOV	AL,DL
   420 0000036B 83 E0 40                        	AND	EAX,64
   421 0000036E 84 C0                           	TEST	AL,AL
   422 00000370 74 03                           	JE	L36
   423 00000372 88 59 01                        	MOV	BYTE [1+ECX],BL
   424 00000375                                 L36:
   425 00000375 88 D0                           	MOV	AL,DL
   426 00000377 83 E0 20                        	AND	EAX,32
   427 0000037A 84 C0                           	TEST	AL,AL
   428 0000037C 74 03                           	JE	L37
   429 0000037E 88 59 02                        	MOV	BYTE [2+ECX],BL
   430 00000381                                 L37:
   431 00000381 88 D0                           	MOV	AL,DL
   432 00000383 83 E0 10                        	AND	EAX,16
   433 00000386 84 C0                           	TEST	AL,AL
   434 00000388 74 03                           	JE	L38
   435 0000038A 88 59 03                        	MOV	BYTE [3+ECX],BL
   436 0000038D                                 L38:
   437 0000038D 88 D0                           	MOV	AL,DL
   438 0000038F 83 E0 08                        	AND	EAX,8
   439 00000392 84 C0                           	TEST	AL,AL
   440 00000394 74 03                           	JE	L39
   441 00000396 88 59 04                        	MOV	BYTE [4+ECX],BL
   442 00000399                                 L39:
   443 00000399 88 D0                           	MOV	AL,DL
   444 0000039B 83 E0 04                        	AND	EAX,4
   445 0000039E 84 C0                           	TEST	AL,AL
   446 000003A0 74 03                           	JE	L40
   447 000003A2 88 59 05                        	MOV	BYTE [5+ECX],BL
   448 000003A5                                 L40:
   449 000003A5 88 D0                           	MOV	AL,DL
   450 000003A7 83 E0 02                        	AND	EAX,2
   451 000003AA 84 C0                           	TEST	AL,AL
   452 000003AC 74 03                           	JE	L41
   453 000003AE 88 59 06                        	MOV	BYTE [6+ECX],BL
   454 000003B1                                 L41:
   455 000003B1 83 E2 01                        	AND	EDX,1
   456 000003B4 84 D2                           	TEST	DL,DL
   457 000003B6 74 03                           	JE	L33
   458 000003B8 88 59 07                        	MOV	BYTE [7+ECX],BL
   459 000003BB                                 L33:
   460 000003BB 46                              	INC	ESI
   461 000003BC 83 FE 0F                        	CMP	ESI,15
   462 000003BF 7E 8D                           	JLE	L43
   463 000003C1 5B                              	POP	EBX
   464 000003C2 5E                              	POP	ESI
   465 000003C3 5F                              	POP	EDI
   466 000003C4 5D                              	POP	EBP
   467 000003C5 C3                              	RET
